<?xml version="1.0" encoding="UTF-8"?>
<testsuite xmlns:xsi="http://www.w3.org/2001/XMLSchema-instance" xsi:noNamespaceSchemaLocation="https://maven.apache.org/surefire/maven-surefire-plugin/xsd/surefire-test-report-3.0.xsd" version="3.0" name="com.fernando.cpf_validation_api.controllers.ValidationControllerTest" time="7.652" tests="9" errors="0" skipped="0" failures="0">
  <properties>
[...]
</properties>
  <testcase name="shouldReturnStatus400WhenToRequestEmailEndpointWithInvalidEmail" classname="com.fernando.cpf_validation_api.controllers.ValidationControllerTest" time="2.386">
    <system-out><![CDATA[23:30:35.678 [main] INFO org.springframework.test.context.support.AnnotationConfigContextLoaderUtils -- Could not detect default configuration classes for test class [com.fernando.cpf_validation_api.controllers.ValidationControllerTest]: ValidationControllerTest does not declare any static, non-private, non-final, nested classes annotated with @Configuration.
23:30:36.418 [main] INFO org.springframework.boot.test.context.SpringBootTestContextBootstrapper -- Found @SpringBootConfiguration com.fernando.cpf_validation_api.CpfValidationApiApplication for test class com.fernando.cpf_validation_api.controllers.ValidationControllerTest

  .   ____          _            __ _ _
 /\\ / ___'_ __ _ _(_)_ __  __ _ \ \ \ \
( ( )\___ | '_ | '_| | '_ \/ _` | \ \ \ \
 \\/  ___)| |_)| | | | | || (_| |  ) ) ) )
  '  |____| .__|_| |_|_| |_\__, | / / / /
 =========|_|==============|___/=/_/_/_/
 :: Spring Boot ::                (v3.1.3)

2023-09-22T23:30:37.525-03:00  INFO 8368 --- [           main] c.f.c.c.ValidationControllerTest         : Starting ValidationControllerTest using Java 18.0.2.1 with PID 8368 (started by fdeba in C:\Users\fdeba\Documents\java_projects\cpf_validation_api)
2023-09-22T23:30:37.533-03:00  INFO 8368 --- [           main] c.f.c.c.ValidationControllerTest         : No active profile set, falling back to 1 default profile: "default"
2023-09-22T23:30:39.932-03:00  INFO 8368 --- [           main] o.s.b.t.m.w.SpringBootMockServletContext : Initializing Spring TestDispatcherServlet ''
2023-09-22T23:30:39.932-03:00  INFO 8368 --- [           main] o.s.t.web.servlet.TestDispatcherServlet  : Initializing Servlet ''
2023-09-22T23:30:39.934-03:00  INFO 8368 --- [           main] o.s.t.web.servlet.TestDispatcherServlet  : Completed initialization in 2 ms
2023-09-22T23:30:39.961-03:00  INFO 8368 --- [           main] c.f.c.c.ValidationControllerTest         : Started ValidationControllerTest in 3.31 seconds (process running for 7.587)
Server is running in http://localhost:8080/

MockHttpServletRequest:
      HTTP Method = GET
      Request URI = /validations/email
       Parameters = {}
          Headers = [Content-Type:"application/json;charset=UTF-8", Content-Length:"19"]
             Body = {"email":"fbarros"}
    Session Attrs = {}

Handler:
             Type = com.fernando.cpf_validation_api.controllers.ValidationController
           Method = com.fernando.cpf_validation_api.controllers.ValidationController#validateEmail(ValidateEmailDAO)

Async:
    Async started = false
     Async result = null

Resolved Exception:
             Type = org.springframework.web.bind.MethodArgumentNotValidException

ModelAndView:
        View name = null
             View = null
            Model = null

FlashMap:
       Attributes = null

MockHttpServletResponse:
           Status = 400
    Error message = null
          Headers = [Content-Type:"application/json"]
     Content type = application/json
             Body = {"message":"Invalid email","statusCode":400}
    Forwarded URL = null
   Redirected URL = null
          Cookies = []
]]></system-out>
  </testcase>
  <testcase name="shouldReturnStatus200WhenToRequestEmailEndpointWithValidEmail" classname="com.fernando.cpf_validation_api.controllers.ValidationControllerTest" time="0.073">
    <system-out><![CDATA[
MockHttpServletRequest:
      HTTP Method = GET
      Request URI = /validations/email
       Parameters = {}
          Headers = [Content-Type:"application/json;charset=UTF-8", Content-Length:"29"]
             Body = {"email":"fbarros@gmail.com"}
    Session Attrs = {}

Handler:
             Type = com.fernando.cpf_validation_api.controllers.ValidationController
           Method = com.fernando.cpf_validation_api.controllers.ValidationController#validateEmail(ValidateEmailDAO)

Async:
    Async started = false
     Async result = null

Resolved Exception:
             Type = null

ModelAndView:
        View name = null
             View = null
            Model = null

FlashMap:
       Attributes = null

MockHttpServletResponse:
           Status = 200
    Error message = null
          Headers = [Content-Type:"application/json"]
     Content type = application/json
             Body = {"email":"fbarros@gmail.com"}
    Forwarded URL = null
   Redirected URL = null
          Cookies = []
]]></system-out>
  </testcase>
  <testcase name="shouldReturnStatus200WhenToRequestCpfEndpointWithValidCpf" classname="com.fernando.cpf_validation_api.controllers.ValidationControllerTest" time="0.13">
    <system-out><![CDATA[
MockHttpServletRequest:
      HTTP Method = GET
      Request URI = /validations/cpf
       Parameters = {}
          Headers = [Content-Type:"application/json;charset=UTF-8", Content-Length:"24"]
             Body = {"cpf":"136.775.118-79"}
    Session Attrs = {}

Handler:
             Type = com.fernando.cpf_validation_api.controllers.ValidationController
           Method = com.fernando.cpf_validation_api.controllers.ValidationController#validateCPF(ValidateCpfDAO)

Async:
    Async started = false
     Async result = null

Resolved Exception:
             Type = null

ModelAndView:
        View name = null
             View = null
            Model = null

FlashMap:
       Attributes = null

MockHttpServletResponse:
           Status = 200
    Error message = null
          Headers = [Content-Type:"application/json"]
     Content type = application/json
             Body = {"cpf":"136.775.118-79"}
    Forwarded URL = null
   Redirected URL = null
          Cookies = []
]]></system-out>
  </testcase>
  <testcase name="shouldReturnErrorResponseErrorWithInvalidEmailMessageWhenToRequestEmailEndpointWithInvalidEmail" classname="com.fernando.cpf_validation_api.controllers.ValidationControllerTest" time="0.043">
    <system-out><![CDATA[
MockHttpServletRequest:
      HTTP Method = GET
      Request URI = /validations/email
       Parameters = {}
          Headers = [Content-Type:"application/json;charset=UTF-8", Content-Length:"19"]
             Body = {"email":"fbarros"}
    Session Attrs = {}

Handler:
             Type = com.fernando.cpf_validation_api.controllers.ValidationController
           Method = com.fernando.cpf_validation_api.controllers.ValidationController#validateEmail(ValidateEmailDAO)

Async:
    Async started = false
     Async result = null

Resolved Exception:
             Type = org.springframework.web.bind.MethodArgumentNotValidException

ModelAndView:
        View name = null
             View = null
            Model = null

FlashMap:
       Attributes = null

MockHttpServletResponse:
           Status = 400
    Error message = null
          Headers = [Content-Type:"application/json"]
     Content type = application/json
             Body = {"message":"Invalid email","statusCode":400}
    Forwarded URL = null
   Redirected URL = null
          Cookies = []
]]></system-out>
  </testcase>
  <testcase name="shouldReturnStatus400WhenToRequestCpfEndpointWithEmptyCpf" classname="com.fernando.cpf_validation_api.controllers.ValidationControllerTest" time="0.016">
    <system-out><![CDATA[
MockHttpServletRequest:
      HTTP Method = GET
      Request URI = /validations/cpf
       Parameters = {}
          Headers = [Content-Type:"application/json;charset=UTF-8", Content-Length:"10"]
             Body = {"cpf":""}
    Session Attrs = {}

Handler:
             Type = com.fernando.cpf_validation_api.controllers.ValidationController
           Method = com.fernando.cpf_validation_api.controllers.ValidationController#validateCPF(ValidateCpfDAO)

Async:
    Async started = false
     Async result = null

Resolved Exception:
             Type = org.springframework.web.bind.MethodArgumentNotValidException

ModelAndView:
        View name = null
             View = null
            Model = null

FlashMap:
       Attributes = null

MockHttpServletResponse:
           Status = 400
    Error message = null
          Headers = [Content-Type:"application/json"]
     Content type = application/json
             Body = {"message":"Invalid CPF","statusCode":400}
    Forwarded URL = null
   Redirected URL = null
          Cookies = []
]]></system-out>
  </testcase>
  <testcase name="shouldReturnStatus400WhenToRequestEmailEndpointWithEmptyEmail" classname="com.fernando.cpf_validation_api.controllers.ValidationControllerTest" time="0.011">
    <system-out><![CDATA[
MockHttpServletRequest:
      HTTP Method = GET
      Request URI = /validations/email
       Parameters = {}
          Headers = [Content-Type:"application/json;charset=UTF-8", Content-Length:"12"]
             Body = {"email":""}
    Session Attrs = {}

Handler:
             Type = com.fernando.cpf_validation_api.controllers.ValidationController
           Method = com.fernando.cpf_validation_api.controllers.ValidationController#validateEmail(ValidateEmailDAO)

Async:
    Async started = false
     Async result = null

Resolved Exception:
             Type = org.springframework.web.bind.MethodArgumentNotValidException

ModelAndView:
        View name = null
             View = null
            Model = null

FlashMap:
       Attributes = null

MockHttpServletResponse:
           Status = 400
    Error message = null
          Headers = [Content-Type:"application/json"]
     Content type = application/json
             Body = {"message":"Email doesn't empty","statusCode":400}
    Forwarded URL = null
   Redirected URL = null
          Cookies = []
]]></system-out>
  </testcase>
  <testcase name="shouldReturnErrorResponseErrorWithInvalidCpfMessageWhenToRequestCpfEndpointWithInvalidCpf" classname="com.fernando.cpf_validation_api.controllers.ValidationControllerTest" time="0.016">
    <system-out><![CDATA[
MockHttpServletRequest:
      HTTP Method = GET
      Request URI = /validations/cpf
       Parameters = {}
          Headers = [Content-Type:"application/json;charset=UTF-8", Content-Length:"24"]
             Body = {"cpf":"000.000.000-00"}
    Session Attrs = {}

Handler:
             Type = com.fernando.cpf_validation_api.controllers.ValidationController
           Method = com.fernando.cpf_validation_api.controllers.ValidationController#validateCPF(ValidateCpfDAO)

Async:
    Async started = false
     Async result = null

Resolved Exception:
             Type = org.springframework.web.bind.MethodArgumentNotValidException

ModelAndView:
        View name = null
             View = null
            Model = null

FlashMap:
       Attributes = null

MockHttpServletResponse:
           Status = 400
    Error message = null
          Headers = [Content-Type:"application/json"]
     Content type = application/json
             Body = {"message":"Invalid CPF","statusCode":400}
    Forwarded URL = null
   Redirected URL = null
          Cookies = []
]]></system-out>
  </testcase>
  <testcase name="shouldReturnErrorResponseErrorWithEmailDoesnotEmptyMessageWhenToRequestEmailEndpointWithEmptyEmail" classname="com.fernando.cpf_validation_api.controllers.ValidationControllerTest" time="0.024">
    <system-out><![CDATA[
MockHttpServletRequest:
      HTTP Method = GET
      Request URI = /validations/email
       Parameters = {}
          Headers = [Content-Type:"application/json;charset=UTF-8", Content-Length:"12"]
             Body = {"email":""}
    Session Attrs = {}

Handler:
             Type = com.fernando.cpf_validation_api.controllers.ValidationController
           Method = com.fernando.cpf_validation_api.controllers.ValidationController#validateEmail(ValidateEmailDAO)

Async:
    Async started = false
     Async result = null

Resolved Exception:
             Type = org.springframework.web.bind.MethodArgumentNotValidException

ModelAndView:
        View name = null
             View = null
            Model = null

FlashMap:
       Attributes = null

MockHttpServletResponse:
           Status = 400
    Error message = null
          Headers = [Content-Type:"application/json"]
     Content type = application/json
             Body = {"message":"Email doesn't empty","statusCode":400}
    Forwarded URL = null
   Redirected URL = null
          Cookies = []
]]></system-out>
  </testcase>
  <testcase name="shouldReturnStatus400WhenToRequestCpfEndpointWithInvalidCpf" classname="com.fernando.cpf_validation_api.controllers.ValidationControllerTest" time="0.036">
    <system-out><![CDATA[
MockHttpServletRequest:
      HTTP Method = GET
      Request URI = /validations/cpf
       Parameters = {}
          Headers = [Content-Type:"application/json;charset=UTF-8", Content-Length:"23"]
             Body = {"cpf":"000.000.00-00"}
    Session Attrs = {}

Handler:
             Type = com.fernando.cpf_validation_api.controllers.ValidationController
           Method = com.fernando.cpf_validation_api.controllers.ValidationController#validateCPF(ValidateCpfDAO)

Async:
    Async started = false
     Async result = null

Resolved Exception:
             Type = org.springframework.web.bind.MethodArgumentNotValidException

ModelAndView:
        View name = null
             View = null
            Model = null

FlashMap:
       Attributes = null

MockHttpServletResponse:
           Status = 400
    Error message = null
          Headers = [Content-Type:"application/json"]
     Content type = application/json
             Body = {"message":"Invalid CPF","statusCode":400}
    Forwarded URL = null
   Redirected URL = null
          Cookies = []
]]></system-out>
  </testcase>
</testsuite>