<?xml version="1.0" encoding="UTF-8"?>
<testsuite xmlns:xsi="http://www.w3.org/2001/XMLSchema-instance" xsi:noNamespaceSchemaLocation="https://maven.apache.org/surefire/maven-surefire-plugin/xsd/surefire-test-report-3.0.xsd" version="3.0" name="com.fernando.validation_api.ValidationApiApplicationTests" time="4.004" tests="1" errors="0" skipped="0" failures="0">
  <properties>
[...]
</properties>
  <testcase name="contextLoads" classname="com.fernando.validation_api.ValidationApiApplicationTests" time="0">
    <system-out><![CDATA[2023-09-27T16:13:16.744-03:00  INFO 12520 --- [           main] t.c.s.AnnotationConfigContextLoaderUtils : Could not detect default configuration classes for test class [com.fernando.validation_api.ValidationApiApplicationTests]: ValidationApiApplicationTests does not declare any static, non-private, non-final, nested classes annotated with @Configuration.
2023-09-27T16:13:16.756-03:00  INFO 12520 --- [           main] .b.t.c.SpringBootTestContextBootstrapper : Found @SpringBootConfiguration com.fernando.validation_api.ValidationApiApplication for test class com.fernando.validation_api.ValidationApiApplicationTests

  .   ____          _            __ _ _
 /\\ / ___'_ __ _ _(_)_ __  __ _ \ \ \ \
( ( )\___ | '_ | '_| | '_ \/ _` | \ \ \ \
 \\/  ___)| |_)| | | | | || (_| |  ) ) ) )
  '  |____| .__|_| |_|_| |_\__, | / / / /
 =========|_|==============|___/=/_/_/_/
 :: Spring Boot ::                (v3.1.4)

2023-09-27T16:13:16.849-03:00  INFO 12520 --- [           main] c.f.v.ValidationApiApplicationTests      : Starting ValidationApiApplicationTests using Java 18.0.2.1 with PID 12520 (started by fdeba in C:\Users\fdeba\Documents\java_projects\validation_api)
2023-09-27T16:13:16.849-03:00  INFO 12520 --- [           main] c.f.v.ValidationApiApplicationTests      : No active profile set, falling back to 1 default profile: "default"
2023-09-27T16:13:20.521-03:00  INFO 12520 --- [           main] o.s.b.a.e.web.EndpointLinksResolver      : Exposing 1 endpoint(s) beneath base path '/actuator'
2023-09-27T16:13:20.622-03:00  INFO 12520 --- [           main] c.f.v.ValidationApiApplicationTests      : Started ValidationApiApplicationTests in 3.851 seconds (process running for 9.449)
Server is running in http://localhost:8080/
]]></system-out>
  </testcase>
</testsuite>